# JRE version: Java(TM) SE Runtime Environment (7.0_80-b15) (build 1.7.0_80-b15)
# Java VM: Java HotSpot(TM) 64-Bit Server VM (24.80-b11 mixed mode windows-amd64 compressed oops)
Heap
 PSYoungGen      total 31744K, used 9308K [0x00000007ab400000, 0x00000007ad400000, 0x0000000800000000)
  eden space 31232K, 28% used [0x00000007ab400000,0x00000007abcd72f0,0x00000007ad280000)
  from space 512K, 50% used [0x00000007ad380000,0x00000007ad3c0000,0x00000007ad400000)
  to   space 512K, 0% used [0x00000007ad300000,0x00000007ad300000,0x00000007ad380000)
 ParOldGen       total 173568K, used 121617K [0x0000000701c00000, 0x000000070c580000, 0x00000007ab400000)
  object space 173568K, 70% used [0x0000000701c00000,0x00000007092c45a0,0x000000070c580000)
 PSPermGen       total 21504K, used 16359K [0x00000006fca00000, 0x00000006fdf00000, 0x0000000701c00000)
  object space 21504K, 76% used [0x00000006fca00000,0x00000006fd9f9ef8,0x00000006fdf00000)
GC Heap History (10 events):
Event: 261.720 GC heap before
{Heap before GC invocations=174 (full 0):
 PSYoungGen      total 31744K, used 31424K [0x00000007ab400000, 0x00000007ad400000, 0x0000000800000000)
  eden space 31232K, 100% used [0x00000007ab400000,0x00000007ad280000,0x00000007ad280000)
  from space 512K, 37% used [0x00000007ad300000,0x00000007ad330000,0x00000007ad380000)
  to   space 512K, 0% used [0x00000007ad380000,0x00000007ad380000,0x00000007ad400000)
 ParOldGen       total 173568K, used 121267K [0x0000000701c00000, 0x000000070c580000, 0x00000007ab400000)
  object space 173568K, 69% used [0x0000000701c00000,0x000000070926ce50,0x000000070c580000)
 PSPermGen       total 21504K, used 16359K [0x00000006fca00000, 0x00000006fdf00000, 0x0000000701c00000)
  object space 21504K, 76% used [0x00000006fca00000,0x00000006fd9f9ef8,0x00000006fdf00000)
Event: 261.721 GC heap after
Heap after GC invocations=174 (full 0):
 PSYoungGen      total 31744K, used 256K [0x00000007ab400000, 0x00000007ad400000, 0x0000000800000000)
  eden space 31232K, 0% used [0x00000007ab400000,0x00000007ab400000,0x00000007ad280000)
  from space 512K, 50% used [0x00000007ad380000,0x00000007ad3c0000,0x00000007ad400000)
  to   space 512K, 0% used [0x00000007ad300000,0x00000007ad300000,0x00000007ad380000)
 ParOldGen       total 173568K, used 121329K [0x0000000701c00000, 0x000000070c580000, 0x00000007ab400000)
  object space 173568K, 69% used [0x0000000701c00000,0x000000070927c788,0x000000070c580000)
 PSPermGen       total 21504K, used 16359K [0x00000006fca00000, 0x00000006fdf00000, 0x0000000701c00000)
  object space 21504K, 76% used [0x00000006fca00000,0x00000006fd9f9ef8,0x00000006fdf00000)
}
Event: 261.862 GC heap before
{Heap before GC invocations=175 (full 0):
 PSYoungGen      total 31744K, used 31488K [0x00000007ab400000, 0x00000007ad400000, 0x0000000800000000)
  eden space 31232K, 100% used [0x00000007ab400000,0x00000007ad280000,0x00000007ad280000)
  from space 512K, 50% used [0x00000007ad380000,0x00000007ad3c0000,0x00000007ad400000)
  to   space 512K, 0% used [0x00000007ad300000,0x00000007ad300000,0x00000007ad380000)
 ParOldGen       total 173568K, used 121329K [0x0000000701c00000, 0x000000070c580000, 0x00000007ab400000)
  object space 173568K, 69% used [0x0000000701c00000,0x000000070927c788,0x000000070c580000)
 PSPermGen       total 21504K, used 16359K [0x00000006fca00000, 0x00000006fdf00000, 0x0000000701c00000)
  object space 21504K, 76% used [0x00000006fca00000,0x00000006fd9f9ef8,0x00000006fdf00000)
Event: 261.863 GC heap after
Heap after GC invocations=175 (full 0):
 PSYoungGen      total 31744K, used 192K [0x00000007ab400000, 0x00000007ad400000, 0x0000000800000000)
  eden space 31232K, 0% used [0x00000007ab400000,0x00000007ab400000,0x00000007ad280000)
  from space 512K, 37% used [0x00000007ad300000,0x00000007ad330000,0x00000007ad380000)
  to   space 512K, 0% used [0x00000007ad380000,0x00000007ad380000,0x00000007ad400000)
 ParOldGen       total 173568K, used 121400K [0x0000000701c00000, 0x000000070c580000, 0x00000007ab400000)
  object space 173568K, 69% used [0x0000000701c00000,0x000000070928e0c0,0x000000070c580000)
 PSPermGen       total 21504K, used 16359K [0x00000006fca00000, 0x00000006fdf00000, 0x0000000701c00000)
  object space 21504K, 76% used [0x00000006fca00000,0x00000006fd9f9ef8,0x00000006fdf00000)
}
Event: 263.004 GC heap before
{Heap before GC invocations=176 (full 0):
 PSYoungGen      total 31744K, used 31424K [0x00000007ab400000, 0x00000007ad400000, 0x0000000800000000)
  eden space 31232K, 100% used [0x00000007ab400000,0x00000007ad280000,0x00000007ad280000)
  from space 512K, 37% used [0x00000007ad300000,0x00000007ad330000,0x00000007ad380000)
  to   space 512K, 0% used [0x00000007ad380000,0x00000007ad380000,0x00000007ad400000)
 ParOldGen       total 173568K, used 121400K [0x0000000701c00000, 0x000000070c580000, 0x00000007ab400000)
  object space 173568K, 69% used [0x0000000701c00000,0x000000070928e0c0,0x000000070c580000)
 PSPermGen       total 21504K, used 16359K [0x00000006fca00000, 0x00000006fdf00000, 0x0000000701c00000)
  object space 21504K, 76% used [0x00000006fca00000,0x00000006fd9f9ef8,0x00000006fdf00000)
Event: 263.005 GC heap after
Heap after GC invocations=176 (full 0):
 PSYoungGen      total 31744K, used 192K [0x00000007ab400000, 0x00000007ad400000, 0x0000000800000000)
  eden space 31232K, 0% used [0x00000007ab400000,0x00000007ab400000,0x00000007ad280000)
  from space 512K, 37% used [0x00000007ad380000,0x00000007ad3b0000,0x00000007ad400000)
  to   space 512K, 0% used [0x00000007ad300000,0x00000007ad300000,0x00000007ad380000)
 ParOldGen       total 173568K, used 121432K [0x0000000701c00000, 0x000000070c580000, 0x00000007ab400000)
  object space 173568K, 69% used [0x0000000701c00000,0x00000007092960c0,0x000000070c580000)
 PSPermGen       total 21504K, used 16359K [0x00000006fca00000, 0x00000006fdf00000, 0x0000000701c00000)
  object space 21504K, 76% used [0x00000006fca00000,0x00000006fd9f9ef8,0x00000006fdf00000)
}
Event: 264.087 GC heap before
{Heap before GC invocations=177 (full 0):
 PSYoungGen      total 31744K, used 31424K [0x00000007ab400000, 0x00000007ad400000, 0x0000000800000000)
  eden space 31232K, 100% used [0x00000007ab400000,0x00000007ad280000,0x00000007ad280000)
  from space 512K, 37% used [0x00000007ad380000,0x00000007ad3b0000,0x00000007ad400000)
  to   space 512K, 0% used [0x00000007ad300000,0x00000007ad300000,0x00000007ad380000)
 ParOldGen       total 173568K, used 121432K [0x0000000701c00000, 0x000000070c580000, 0x00000007ab400000)
  object space 173568K, 69% used [0x0000000701c00000,0x00000007092960c0,0x000000070c580000)
 PSPermGen       total 21504K, used 16359K [0x00000006fca00000, 0x00000006fdf00000, 0x0000000701c00000)
  object space 21504K, 76% used [0x00000006fca00000,0x00000006fd9f9ef8,0x00000006fdf00000)
Event: 264.088 GC heap after
Heap after GC invocations=177 (full 0):
 PSYoungGen      total 31744K, used 224K [0x00000007ab400000, 0x00000007ad400000, 0x0000000800000000)
  eden space 31232K, 0% used [0x00000007ab400000,0x00000007ab400000,0x00000007ad280000)
  from space 512K, 43% used [0x00000007ad300000,0x00000007ad338000,0x00000007ad380000)
  to   space 512K, 0% used [0x00000007ad380000,0x00000007ad380000,0x00000007ad400000)
 ParOldGen       total 173568K, used 121524K [0x0000000701c00000, 0x000000070c580000, 0x00000007ab400000)
  object space 173568K, 70% used [0x0000000701c00000,0x00000007092ad330,0x000000070c580000)
 PSPermGen       total 21504K, used 16359K [0x00000006fca00000, 0x00000006fdf00000, 0x0000000701c00000)
  object space 21504K, 76% used [0x00000006fca00000,0x00000006fd9f9ef8,0x00000006fdf00000)
}
Event: 264.243 GC heap before
{Heap before GC invocations=178 (full 0):
 PSYoungGen      total 31744K, used 31456K [0x00000007ab400000, 0x00000007ad400000, 0x0000000800000000)
  eden space 31232K, 100% used [0x00000007ab400000,0x00000007ad280000,0x00000007ad280000)
  from space 512K, 43% used [0x00000007ad300000,0x00000007ad338000,0x00000007ad380000)
  to   space 512K, 0% used [0x00000007ad380000,0x00000007ad380000,0x00000007ad400000)
 ParOldGen       total 173568K, used 121524K [0x0000000701c00000, 0x000000070c580000, 0x00000007ab400000)
  object space 173568K, 70% used [0x0000000701c00000,0x00000007092ad330,0x000000070c580000)
 PSPermGen       total 21504K, used 16359K [0x00000006fca00000, 0x00000006fdf00000, 0x0000000701c00000)
  object space 21504K, 76% used [0x00000006fca00000,0x00000006fd9f9ef8,0x00000006fdf00000)
Event: 264.244 GC heap after
Heap after GC invocations=178 (full 0):
 PSYoungGen      total 31744K, used 256K [0x00000007ab400000, 0x00000007ad400000, 0x0000000800000000)
  eden space 31232K, 0% used [0x00000007ab400000,0x00000007ab400000,0x00000007ad280000)
  from space 512K, 50% used [0x00000007ad380000,0x00000007ad3c0000,0x00000007ad400000)
  to   space 512K, 0% used [0x00000007ad300000,0x00000007ad300000,0x00000007ad380000)
 ParOldGen       total 173568K, used 121617K [0x0000000701c00000, 0x000000070c580000, 0x00000007ab400000)
  object space 173568K, 70% used [0x0000000701c00000,0x00000007092c45a0,0x000000070c580000)
 PSPermGen       total 21504K, used 16359K [0x00000006fca00000, 0x00000006fdf00000, 0x0000000701c00000)
  object space 21504K, 76% used [0x00000006fca00000,0x00000006fd9f9ef8,0x00000006fdf00000)
}

